Using pre-set license
Built from '2020.3/staging' branch; Version is '2020.3.26f1 (7298b473bc1a) revision 7510196'; Using compiler version '192528614'; Build Type 'Release'
OS: 'Windows 10  (10.0.19044) 64bit Core' Language: 'en' Physical Memory: 16267 MB
BatchMode: 1, IsHumanControllingUs: 0, StartBugReporterOnCrash: 0, Is64bit: 1, IsPro: 0

COMMAND LINE ARGUMENTS:
C:\Program Files\Unity\Hub\Editor\2020.3.26f1\Editor\Unity.exe
-adb2
-batchMode
-noUpm
-name
AssetImportWorker0
-projectPath
C:/Users/Jackson Tate/Desktop/Challenge3/TateChallenge3
-logFile
Logs/AssetImportWorker0.log
-srvPort
30318
Successfully changed project path to: C:/Users/Jackson Tate/Desktop/Challenge3/TateChallenge3
C:/Users/Jackson Tate/Desktop/Challenge3/TateChallenge3
Using Asset Import Pipeline V2.
Refreshing native plugins compatible for Editor in 204.23 ms, found 21 plugins.
Preloading 2 native plugins for Editor in 4.05 ms.
Initialize engine version: 2020.3.26f1 (7298b473bc1a)
[Subsystems] Discovering subsystems at path C:/Program Files/Unity/Hub/Editor/2020.3.26f1/Editor/Data/Resources/UnitySubsystems
[Subsystems] Discovering subsystems at path C:/Users/Jackson Tate/Desktop/Challenge3/TateChallenge3/Assets
GfxDevice: creating device client; threaded=0
Direct3D:
    Version:  Direct3D 11.0 [level 11.0]
    Renderer: NVIDIA GeForce GTX 950M (ID=0x139a)
    Vendor:   
    VRAM:     2010 MB
    Driver:   27.21.14.6611
Initialize mono
Mono path[0] = 'C:/Program Files/Unity/Hub/Editor/2020.3.26f1/Editor/Data/Managed'
Mono path[1] = 'C:/Program Files/Unity/Hub/Editor/2020.3.26f1/Editor/Data/MonoBleedingEdge/lib/mono/unityjit'
Mono config path = 'C:/Program Files/Unity/Hub/Editor/2020.3.26f1/Editor/Data/MonoBleedingEdge/etc'
Using monoOptions --debugger-agent=transport=dt_socket,embedding=1,server=y,suspend=n,address=127.0.0.1:56704
Begin MonoManager ReloadAssembly
Registering precompiled unity dll's ...
Register platform support module: C:/Program Files/Unity/Hub/Editor/2020.3.26f1/Editor/Data/PlaybackEngines/WebGLSupport/UnityEditor.WebGL.Extensions.dll
Register platform support module: C:/Program Files/Unity/Hub/Editor/2020.3.26f1/Editor/Data/PlaybackEngines/WindowsStandaloneSupport/UnityEditor.WindowsStandalone.Extensions.dll
Registered in 0.002923 seconds.
Native extension for WindowsStandalone target not found
Native extension for WebGL target not found
Refreshing native plugins compatible for Editor in 119.85 ms, found 21 plugins.
Preloading 2 native plugins for Editor in 0.19 ms.
Mono: successfully reloaded assembly
- Completed reload, in  0.826 seconds
Domain Reload Profiling:
	ReloadAssembly (827ms)
		BeginReloadAssembly (86ms)
			ExecutionOrderSort (0ms)
			DisableScriptedObjects (0ms)
			BackupInstance (0ms)
			ReleaseScriptingObjects (0ms)
			CreateAndSetChildDomain (1ms)
		EndReloadAssembly (647ms)
			LoadAssemblies (82ms)
			RebuildTransferFunctionScriptingTraits (0ms)
			SetupTypeCache (199ms)
			ReleaseScriptCaches (0ms)
			RebuildScriptCaches (36ms)
			SetupLoadedEditorAssemblies (267ms)
				LogAssemblyErrors (0ms)
				InitializePlatformSupportModulesInManaged (5ms)
				SetLoadedEditorAssemblies (0ms)
				RefreshPlugins (120ms)
				BeforeProcessingInitializeOnLoad (10ms)
				ProcessInitializeOnLoadAttributes (98ms)
				ProcessInitializeOnLoadMethodAttributes (32ms)
				AfterProcessingInitializeOnLoad (0ms)
				EditorAssembliesLoaded (0ms)
			ExecutionOrderSort2 (0ms)
			AwakeInstancesAfterBackupRestoration (0ms)
Platform modules already initialized, skipping
Registering precompiled user dll's ...
Registered in 0.024423 seconds.
Begin MonoManager ReloadAssembly
Native extension for WindowsStandalone target not found
Native extension for WebGL target not found
Refreshing native plugins compatible for Editor in 116.16 ms, found 21 plugins.
Preloading 2 native plugins for Editor in 0.17 ms.
[XR] OculusXRPlugin: registering subsystems
[XR] Unable to register display lifecyle provider: [1]
[XR] Oculus Input lifecycle provider registered.
[XR] Unable to register input lifecyle provider: [1]
System.Reflection.TargetInvocationException: Exception has been thrown by the target of an invocation. ---> System.NullReferenceException: Object reference not set to an instance of an object
  at Unity.XR.Oculus.OculusLoader.AssetPathToAbsolutePath (System.String assetPath) [0x00048] in C:\Users\Jackson Tate\Desktop\Challenge3\TateChallenge3\Library\PackageCache\com.unity.xr.oculus@1.11.0\Runtime\OculusLoader.cs:250 
  at Unity.XR.Oculus.OculusLoader.EditorLoadOVRPlugin () [0x0007b] in C:\Users\Jackson Tate\Desktop\Challenge3\TateChallenge3\Library\PackageCache\com.unity.xr.oculus@1.11.0\Runtime\OculusLoader.cs:235 
  at (wrapper managed-to-native) System.Reflection.MonoMethod.InternalInvoke(System.Reflection.MonoMethod,object,object[],System.Exception&)
  at System.Reflection.MonoMethod.Invoke (System.Object obj, System.Reflection.BindingFlags invokeAttr, System.Reflection.Binder binder, System.Object[] parameters, System.Globalization.CultureInfo culture) [0x00032] in <695d1cc93cca45069c528c15c9fdd749>:0 
   --- End of inner exception stack trace ---
  at System.Reflection.MonoMethod.Invoke (System.Object obj, System.Reflection.BindingFlags invokeAttr, System.Reflection.Binder binder, System.Object[] parameters, System.Globalization.CultureInfo culture) [0x00048] in <695d1cc93cca45069c528c15c9fdd749>:0 
  at System.Reflection.MethodBase.Invoke (System.Object obj, System.Object[] parameters) [0x00000] in <695d1cc93cca45069c528c15c9fdd749>:0 
  at UnityEditor.EditorAssemblies.ProcessInitializeOnLoadMethodAttributes () [0x00047] in <55729f52d042492e9efc384182ae2feb>:0 
UnityEngine.StackTraceUtility:ExtractStackTrace ()
UnityEngine.DebugLogHandler:LogFormat (UnityEngine.LogType,UnityEngine.Object,string,object[])
UnityEngine.Logger:Log (UnityEngine.LogType,object)
UnityEngine.Debug:LogError (object)
UnityEditor.EditorAssemblies:ProcessInitializeOnLoadMethodAttributes ()

[XR] Error loading subsystem: Display (1) (header mismatch?)
[XR] [MROpenXR][Info   ][12:58:22.659490][tid:12b4] MeshProvider_RegisterLifecycleProvider
[XR] [MROpenXR][Info   ][12:58:22.659644][tid:12b4] InputProvider_RegisterLifeCycleProvider
[XR] [MROpenXR][Info   ][12:58:22.660819][tid:12b4] MicrosoftOpenXRPlugin_SetPluginEnvironment unityVersion=2020.3.26f1
[XR] [MROpenXR][Info   ][12:58:22.661575][tid:12b4] MicrosoftOpenXRPlugin_SetPluginEnvironment openXRPluginVersion=1.3.1
[XR] [MROpenXR][Info   ][12:58:22.661640][tid:12b4] MicrosoftOpenXRPlugin_SetPluginEnvironment mrOpenXRPluginVersion=1.3.0.0
[XR] [MROpenXR][Info   ][12:58:22.661719][tid:12b4] OnPluginStarted UnityVersion=2020.3.26f1 OpenXRPluginVersion=1.3.1 MROpenXRPluginVersion=1.3.0.0 PartA_PrivTags=33554432
Mono: successfully reloaded assembly
- Completed reload, in  3.684 seconds
Domain Reload Profiling:
	ReloadAssembly (3684ms)
		BeginReloadAssembly (175ms)
			ExecutionOrderSort (0ms)
			DisableScriptedObjects (4ms)
			BackupInstance (0ms)
			ReleaseScriptingObjects (1ms)
			CreateAndSetChildDomain (24ms)
		EndReloadAssembly (3427ms)
			LoadAssemblies (161ms)
			RebuildTransferFunctionScriptingTraits (0ms)
			SetupTypeCache (446ms)
			ReleaseScriptCaches (1ms)
			RebuildScriptCaches (91ms)
			SetupLoadedEditorAssemblies (2550ms)
				LogAssemblyErrors (0ms)
				InitializePlatformSupportModulesInManaged (5ms)
				SetLoadedEditorAssemblies (0ms)
				RefreshPlugins (116ms)
				BeforeProcessingInitializeOnLoad (190ms)
				ProcessInitializeOnLoadAttributes (1469ms)
				ProcessInitializeOnLoadMethodAttributes (762ms)
				AfterProcessingInitializeOnLoad (8ms)
				EditorAssembliesLoaded (0ms)
			ExecutionOrderSort2 (0ms)
			AwakeInstancesAfterBackupRestoration (8ms)
Platform modules already initialized, skipping
========================================================================
Worker process is ready to serve import requests
Launched and connected shader compiler UnityShaderCompiler.exe after 0.09 seconds
Refreshing native plugins compatible for Editor in 1.63 ms, found 21 plugins.
Preloading 2 native plugins for Editor in 0.19 ms.
Unloading 4355 Unused Serialized files (Serialized files now loaded: 0)
System memory in use before: 351.6 MB.
System memory in use after: 351.7 MB.

Unloading 615 unused Assets to reduce memory usage. Loaded Objects now: 4686.
Total: 5.549600 ms (FindLiveObjects: 0.393500 ms CreateObjectMapping: 0.307800 ms MarkObjects: 4.064200 ms  DeleteObjects: 0.782600 ms)

AssetImportParameters requested are different than current active one (requested -> active):
  custom:framework-win-MediaFoundation: 216162199b28c13a410421893ffa2e32 -> 
  custom:video-decoder-ogg-theora: a1e56fd34408186e4bbccfd4996cb3dc -> 
  custom:container-muxer-webm: aa71ff27fc2769a1b78a27578f13a17b -> 
  custom:container-demuxer-webm: 4f35f7cbe854078d1ac9338744f61a02 -> 
  custom:container-demuxer-ogg: 62fdf1f143b41e24485cea50d1cbac27 -> 
  custom:video-encoder-webm-vp8: eb34c28f22e8b96e1ab97ce403110664 -> 
  custom:video-decoder-webm-vp8: 9c59270c3fd7afecdb556c50c9e8de78 -> 
  custom:audio-decoder-ogg-vorbis: bf7c407c2cedff20999df2af8eb42d56 -> 
  custom:audio-encoder-webm-vorbis: bf7c407c2cedff20999df2af8eb42d56 -> 
========================================================================
Received Import Request.
  path: Assets/MixedRealityToolkit.Generated/CustomProfiles/TestProfile.asset
  artifactKey: Guid(491cd7006db4cbb4a82193d661ead8a7) Importer(815301076,1909f56bfc062723c751e8b465ee728b)
Start importing Assets/MixedRealityToolkit.Generated/CustomProfiles/TestProfile.asset using Guid(491cd7006db4cbb4a82193d661ead8a7) Importer(815301076,1909f56bfc062723c751e8b465ee728b)  -> (artifact id: 'fb9e2fb5ba3818de8b7eb162431829d1') in 0.145680 seconds 
  Import took 0.156733 seconds .

========================================================================
Received Import Request.
  Time since last request: 1055.996133 seconds.
  path: Assets/Scripts/DoorConstraint.cs
  artifactKey: Guid(b6d16bbe9f7d00248922c3a9f92f1693) Importer(815301076,1909f56bfc062723c751e8b465ee728b)
Start importing Assets/Scripts/DoorConstraint.cs using Guid(b6d16bbe9f7d00248922c3a9f92f1693) Importer(815301076,1909f56bfc062723c751e8b465ee728b)  -> (artifact id: '639bc5753adbffceff481f73b1cb71b1') in 0.041983 seconds 
  Import took 0.053672 seconds .

========================================================================
Received Import Request.
  Time since last request: 453.367478 seconds.
  path: Assets/Dungeon Ground/Materials/NewLayer.terrainlayer
  artifactKey: Guid(dfc584f3ad217754db3473b170e2461e) Importer(815301076,1909f56bfc062723c751e8b465ee728b)
Start importing Assets/Dungeon Ground/Materials/NewLayer.terrainlayer using Guid(dfc584f3ad217754db3473b170e2461e) Importer(815301076,1909f56bfc062723c751e8b465ee728b)  -> (artifact id: 'e7df904d7ae1c551dcc115b9f8336d0f') in 0.139976 seconds 
  Import took 0.150005 seconds .

========================================================================
Received Import Request.
  Time since last request: 670.130007 seconds.
  path: Assets/Laterns and candles/Prefabs/Candle1.prefab
  artifactKey: Guid(86d84285ef39db64c986f37878b14861) Importer(815301076,1909f56bfc062723c751e8b465ee728b)
Start importing Assets/Laterns and candles/Prefabs/Candle1.prefab using Guid(86d84285ef39db64c986f37878b14861) Importer(815301076,1909f56bfc062723c751e8b465ee728b)  -> (artifact id: 'f893f082d8ca9a130abd66c384ee325f') in 0.276764 seconds 
  Import took 0.287355 seconds .

========================================================================
Received Import Request.
  Time since last request: 0.000290 seconds.
  path: Assets/Laterns and candles/Prefabs/CarvedPost2.prefab
  artifactKey: Guid(94f10da449387134eb5a2276906ccdfd) Importer(815301076,1909f56bfc062723c751e8b465ee728b)
Start importing Assets/Laterns and candles/Prefabs/CarvedPost2.prefab using Guid(94f10da449387134eb5a2276906ccdfd) Importer(815301076,1909f56bfc062723c751e8b465ee728b)  -> (artifact id: 'bcb8b570c0a3a0b924461c6d7bde3115') in 0.077027 seconds 
  Import took 0.089248 seconds .

========================================================================
Received Import Request.
  Time since last request: 0.000201 seconds.
  path: Assets/Laterns and candles/Prefabs/candlestick.prefab
  artifactKey: Guid(b02c5020824fa574d88a101f9b790908) Importer(815301076,1909f56bfc062723c751e8b465ee728b)
Start importing Assets/Laterns and candles/Prefabs/candlestick.prefab using Guid(b02c5020824fa574d88a101f9b790908) Importer(815301076,1909f56bfc062723c751e8b465ee728b)  -> (artifact id: '01d5f9ae7097bb03622f9e13648316dc') in 0.078275 seconds 
  Import took 0.093087 seconds .

========================================================================
Received Import Request.
  Time since last request: 0.000229 seconds.
  path: Assets/Laterns and candles/Prefabs/ceiling chain.prefab
  artifactKey: Guid(24b4d8ad04155c244b2b776c5532e76f) Importer(815301076,1909f56bfc062723c751e8b465ee728b)
Start importing Assets/Laterns and candles/Prefabs/ceiling chain.prefab using Guid(24b4d8ad04155c244b2b776c5532e76f) Importer(815301076,1909f56bfc062723c751e8b465ee728b)  -> (artifact id: '053efce60c99a9bda3175f3f9d2e38ff') in 0.067463 seconds 
  Import took 0.079909 seconds .

========================================================================
Received Import Request.
  Time since last request: 0.000486 seconds.
  path: Assets/Laterns and candles/Prefabs/Candle3 1.prefab
  artifactKey: Guid(42612f8b6c0dce8468648f3f08db6d96) Importer(815301076,1909f56bfc062723c751e8b465ee728b)
Start importing Assets/Laterns and candles/Prefabs/Candle3 1.prefab using Guid(42612f8b6c0dce8468648f3f08db6d96) Importer(815301076,1909f56bfc062723c751e8b465ee728b)  -> (artifact id: '66c3d738fb248f315c7cfcb827c6e869') in 0.047799 seconds 
  Import took 0.060753 seconds .

========================================================================
Received Import Request.
  Time since last request: 0.000215 seconds.
  path: Assets/Laterns and candles/Prefabs/Candle2.prefab
  artifactKey: Guid(6b93fd896c90c094c8577de7399669b5) Importer(815301076,1909f56bfc062723c751e8b465ee728b)
Start importing Assets/Laterns and candles/Prefabs/Candle2.prefab using Guid(6b93fd896c90c094c8577de7399669b5) Importer(815301076,1909f56bfc062723c751e8b465ee728b)  -> (artifact id: 'f0e28e8e89a09c3925ac53eb126c1cd2') in 0.046158 seconds 
  Import took 0.060554 seconds .

========================================================================
Received Import Request.
  Time since last request: 0.000192 seconds.
  path: Assets/Laterns and candles/Prefabs/Latern3.prefab
  artifactKey: Guid(d17bd81f00e4eb843a71e73358112786) Importer(815301076,1909f56bfc062723c751e8b465ee728b)
Start importing Assets/Laterns and candles/Prefabs/Latern3.prefab using Guid(d17bd81f00e4eb843a71e73358112786) Importer(815301076,1909f56bfc062723c751e8b465ee728b)  -> (artifact id: '2c7471cfc0fd8f86afc5ee89fecf599a') in 0.067806 seconds 
  Import took 0.079140 seconds .

========================================================================
Received Import Request.
  Time since last request: 0.000190 seconds.
  path: Assets/Laterns and candles/Prefabs/CarvedPost2_double.prefab
  artifactKey: Guid(cd6ef13c75034bc4d820dfaf562e4a46) Importer(815301076,1909f56bfc062723c751e8b465ee728b)
Start importing Assets/Laterns and candles/Prefabs/CarvedPost2_double.prefab using Guid(cd6ef13c75034bc4d820dfaf562e4a46) Importer(815301076,1909f56bfc062723c751e8b465ee728b)  -> (artifact id: 'b80ca75d51e538d2024e19f2cde02c6f') in 0.374691 seconds 
  Import took 0.383146 seconds .

========================================================================
Received Import Request.
  Time since last request: 0.000219 seconds.
  path: Assets/Laterns and candles/Prefabs/Latern5.prefab
  artifactKey: Guid(5cc22dee4f3a39f48bbb851c41003c8c) Importer(815301076,1909f56bfc062723c751e8b465ee728b)
Start importing Assets/Laterns and candles/Prefabs/Latern5.prefab using Guid(5cc22dee4f3a39f48bbb851c41003c8c) Importer(815301076,1909f56bfc062723c751e8b465ee728b)  -> (artifact id: '6429e3df245b48272349940fad9dea65') in 0.060965 seconds 
  Import took 0.075268 seconds .

========================================================================
Received Import Request.
  Time since last request: 0.000219 seconds.
  path: Assets/Laterns and candles/Prefabs/LampPost_double.prefab
  artifactKey: Guid(6d2bb9154d502fd46a5faf6e3b55f9f1) Importer(815301076,1909f56bfc062723c751e8b465ee728b)
Start importing Assets/Laterns and candles/Prefabs/LampPost_double.prefab using Guid(6d2bb9154d502fd46a5faf6e3b55f9f1) Importer(815301076,1909f56bfc062723c751e8b465ee728b)  -> (artifact id: 'f16fb86c6ef7eae90b3313d708ce2c61') in 0.103124 seconds 
  Import took 0.113661 seconds .

========================================================================
Received Import Request.
  Time since last request: 0.000231 seconds.
  path: Assets/Laterns and candles/Prefabs/Latern4.prefab
  artifactKey: Guid(263b26f2316871f46a4bda232a61ec44) Importer(815301076,1909f56bfc062723c751e8b465ee728b)
Start importing Assets/Laterns and candles/Prefabs/Latern4.prefab using Guid(263b26f2316871f46a4bda232a61ec44) Importer(815301076,1909f56bfc062723c751e8b465ee728b)  -> (artifact id: '47047cd21fd9652683c1f4070a7ddee6') in 0.093425 seconds 
  Import took 0.109832 seconds .

========================================================================
Received Import Request.
  Time since last request: 0.000524 seconds.
  path: Assets/Laterns and candles/Prefabs/Latern2.prefab
  artifactKey: Guid(68f8cf3372c588f4a94bf2c9bd255d3b) Importer(815301076,1909f56bfc062723c751e8b465ee728b)
Start importing Assets/Laterns and candles/Prefabs/Latern2.prefab using Guid(68f8cf3372c588f4a94bf2c9bd255d3b) Importer(815301076,1909f56bfc062723c751e8b465ee728b)  -> (artifact id: '9d5ce433fa7d90625663aba3a5214a2c') in 0.074111 seconds 
  Import took 0.239502 seconds .

========================================================================
Received Import Request.
  Time since last request: 0.000215 seconds.
  path: Assets/Laterns and candles/Prefabs/Latern1.prefab
  artifactKey: Guid(56c82061e6c4de742a208837848be55a) Importer(815301076,1909f56bfc062723c751e8b465ee728b)
Start importing Assets/Laterns and candles/Prefabs/Latern1.prefab using Guid(56c82061e6c4de742a208837848be55a) Importer(815301076,1909f56bfc062723c751e8b465ee728b)  -> (artifact id: 'c3412b6928e194787547b233bd7bb96d') in 0.063566 seconds 
  Import took 0.082252 seconds .

========================================================================
Received Import Request.
  Time since last request: 39.767962 seconds.
  path: Assets/Laterns and candles/Meshes/Candle1.fbx
  artifactKey: Guid(11033fb50e55f4f4bb148c9b934959e3) Importer(815301076,1909f56bfc062723c751e8b465ee728b)
Start importing Assets/Laterns and candles/Meshes/Candle1.fbx using Guid(11033fb50e55f4f4bb148c9b934959e3) Importer(815301076,1909f56bfc062723c751e8b465ee728b)  -> (artifact id: '224313b842b0dfd4e1baf67209d9d049') in 0.133309 seconds 
  Import took 0.142259 seconds .

========================================================================
Received Import Request.
  Time since last request: 0.000375 seconds.
  path: Assets/Laterns and candles/Meshes/candlestick.fbx
  artifactKey: Guid(084da560759559f4995810207469e30a) Importer(815301076,1909f56bfc062723c751e8b465ee728b)
Start importing Assets/Laterns and candles/Meshes/candlestick.fbx using Guid(084da560759559f4995810207469e30a) Importer(815301076,1909f56bfc062723c751e8b465ee728b)  -> (artifact id: 'a0366883edd9e32f4dda4acfa9387ded') in 0.113379 seconds 
  Import took 0.121097 seconds .

========================================================================
Received Import Request.
  Time since last request: 0.000256 seconds.
  path: Assets/Laterns and candles/Meshes/candlestick_wall.fbx
  artifactKey: Guid(d1c8331cd64e7684298abc6c6ee000e3) Importer(815301076,1909f56bfc062723c751e8b465ee728b)
Start importing Assets/Laterns and candles/Meshes/candlestick_wall.fbx using Guid(d1c8331cd64e7684298abc6c6ee000e3) Importer(815301076,1909f56bfc062723c751e8b465ee728b)  -> (artifact id: '155ef4f4e6ea764a535f0353347d802a') in 0.054477 seconds 
  Import took 0.063305 seconds .

========================================================================
Received Import Request.
  Time since last request: 0.000211 seconds.
  path: Assets/Laterns and candles/Meshes/CarvedPost2_double.fbx
  artifactKey: Guid(f25cee7770aa6f84a97ea2a137423107) Importer(815301076,1909f56bfc062723c751e8b465ee728b)
Start importing Assets/Laterns and candles/Meshes/CarvedPost2_double.fbx using Guid(f25cee7770aa6f84a97ea2a137423107) Importer(815301076,1909f56bfc062723c751e8b465ee728b)  -> (artifact id: 'bae39faf3c8ab9d3360450405ea8b256') in 0.145896 seconds 
  Import took 0.158200 seconds .

========================================================================
Received Import Request.
  Time since last request: 0.000199 seconds.
  path: Assets/Laterns and candles/Meshes/LampPost.fbx
  artifactKey: Guid(1ed05b93464bb6242b1d0cf9e388ed67) Importer(815301076,1909f56bfc062723c751e8b465ee728b)
Start importing Assets/Laterns and candles/Meshes/LampPost.fbx using Guid(1ed05b93464bb6242b1d0cf9e388ed67) Importer(815301076,1909f56bfc062723c751e8b465ee728b)  -> (artifact id: '079c36858ccc84cac0502f26d3c9d23d') in 0.065040 seconds 
  Import took 0.073107 seconds .

========================================================================
Received Import Request.
  Time since last request: 0.000198 seconds.
  path: Assets/Laterns and candles/Meshes/Candle3.fbx
  artifactKey: Guid(21c30a3c7192a0649813ca3fe2cdb009) Importer(815301076,1909f56bfc062723c751e8b465ee728b)
Start importing Assets/Laterns and candles/Meshes/Candle3.fbx using Guid(21c30a3c7192a0649813ca3fe2cdb009) Importer(815301076,1909f56bfc062723c751e8b465ee728b)  -> (artifact id: '0d56fe5ccdf213cf118db293cd188b6a') in 0.055062 seconds 
  Import took 0.064695 seconds .

========================================================================
Received Import Request.
  Time since last request: 0.000188 seconds.
  path: Assets/Laterns and candles/Meshes/Latern2.fbx
  artifactKey: Guid(2822a6c192bfe4644849c5e3d4bb4f2a) Importer(815301076,1909f56bfc062723c751e8b465ee728b)
Start importing Assets/Laterns and candles/Meshes/Latern2.fbx using Guid(2822a6c192bfe4644849c5e3d4bb4f2a) Importer(815301076,1909f56bfc062723c751e8b465ee728b)  -> (artifact id: '3cc838f7bb6d46921e77c3bdfc289a2d') in 0.128031 seconds 
  Import took 0.137769 seconds .

========================================================================
Received Import Request.
  Time since last request: 0.000258 seconds.
  path: Assets/Laterns and candles/Meshes/LampPost_wall.fbx
  artifactKey: Guid(00897a0dd899b104ebedcfc97838612c) Importer(815301076,1909f56bfc062723c751e8b465ee728b)
Start importing Assets/Laterns and candles/Meshes/LampPost_wall.fbx using Guid(00897a0dd899b104ebedcfc97838612c) Importer(815301076,1909f56bfc062723c751e8b465ee728b)  -> (artifact id: 'e3d6a49e48c74e245865f8792ac7000b') in 0.080079 seconds 
  Import took 0.090388 seconds .

========================================================================
Received Import Request.
  Time since last request: 0.000256 seconds.
  path: Assets/Laterns and candles/Meshes/LampPost_double.fbx
  artifactKey: Guid(e501831ad59a85f4bb7629bf22c658c8) Importer(815301076,1909f56bfc062723c751e8b465ee728b)
Start importing Assets/Laterns and candles/Meshes/LampPost_double.fbx using Guid(e501831ad59a85f4bb7629bf22c658c8) Importer(815301076,1909f56bfc062723c751e8b465ee728b)  -> (artifact id: '182b1cfcd39b7278a7c7ec1d901c1be3') in 0.061109 seconds 
  Import took 0.072111 seconds .

========================================================================
Received Import Request.
  Time since last request: 0.000257 seconds.
  path: Assets/Laterns and candles/Meshes/Latern3.fbx
  artifactKey: Guid(c124bcb1a14e7054b8c99e402a20ee07) Importer(815301076,1909f56bfc062723c751e8b465ee728b)
Start importing Assets/Laterns and candles/Meshes/Latern3.fbx using Guid(c124bcb1a14e7054b8c99e402a20ee07) Importer(815301076,1909f56bfc062723c751e8b465ee728b)  -> (artifact id: '973ef8ab9a3abcf6838691c7edf262f0') in 0.156633 seconds 
  Import took 0.165625 seconds .

========================================================================
Received Import Request.
  Time since last request: 0.000229 seconds.
  path: Assets/Laterns and candles/Meshes/CarvedPost.fbx
  artifactKey: Guid(1d7d476448a20da4e94fa3441f50757c) Importer(815301076,1909f56bfc062723c751e8b465ee728b)
Start importing Assets/Laterns and candles/Meshes/CarvedPost.fbx using Guid(1d7d476448a20da4e94fa3441f50757c) Importer(815301076,1909f56bfc062723c751e8b465ee728b)  -> (artifact id: 'e0878b68f74769356e217ac96acbd5c2') in 0.071325 seconds 
  Import took 0.086484 seconds .

========================================================================
Received Import Request.
  Time since last request: 0.000779 seconds.
  path: Assets/Laterns and candles/Meshes/chandelier.fbx
  artifactKey: Guid(33a9eb33812d0a245999a3128922713e) Importer(815301076,1909f56bfc062723c751e8b465ee728b)
Start importing Assets/Laterns and candles/Meshes/chandelier.fbx using Guid(33a9eb33812d0a245999a3128922713e) Importer(815301076,1909f56bfc062723c751e8b465ee728b)  -> (artifact id: '1721c9553d9d469bfed6c240638178f8') in 0.210172 seconds 
  Import took 0.224222 seconds .

========================================================================
Received Import Request.
  Time since last request: 0.000228 seconds.
  path: Assets/Laterns and candles/Meshes/Latern4.fbx
  artifactKey: Guid(66dd512dabeec684ab0f4b135d4a43ce) Importer(815301076,1909f56bfc062723c751e8b465ee728b)
Start importing Assets/Laterns and candles/Meshes/Latern4.fbx using Guid(66dd512dabeec684ab0f4b135d4a43ce) Importer(815301076,1909f56bfc062723c751e8b465ee728b)  -> (artifact id: '581adfcb8aa319a0241bcd18f2869cd7') in 0.170139 seconds 
  Import took 0.198117 seconds .

========================================================================
Received Import Request.
  Time since last request: 0.000265 seconds.
  path: Assets/Laterns and candles/Meshes/ceiling chain.fbx
  artifactKey: Guid(d119f9920a8205b45b1e51485a2163a5) Importer(815301076,1909f56bfc062723c751e8b465ee728b)
Start importing Assets/Laterns and candles/Meshes/ceiling chain.fbx using Guid(d119f9920a8205b45b1e51485a2163a5) Importer(815301076,1909f56bfc062723c751e8b465ee728b)  -> (artifact id: '27b76e53e3ae5a58f1595e969d2c5edd') in 0.401261 seconds 
  Import took 0.409414 seconds .

========================================================================
Received Import Request.
  Time since last request: 0.000209 seconds.
  path: Assets/Laterns and candles/Meshes/Latern1.fbx
  artifactKey: Guid(d78538bd679f6fe4b9bd7c6c1e9c8485) Importer(815301076,1909f56bfc062723c751e8b465ee728b)
Start importing Assets/Laterns and candles/Meshes/Latern1.fbx using Guid(d78538bd679f6fe4b9bd7c6c1e9c8485) Importer(815301076,1909f56bfc062723c751e8b465ee728b)  -> (artifact id: '3b2161ed081928e9a707c765a951bcd8') in 0.175797 seconds 
  Import took 0.184216 seconds .

========================================================================
Received Import Request.
  Time since last request: 0.000186 seconds.
  path: Assets/Laterns and candles/Meshes/Candle2.fbx
  artifactKey: Guid(15808812b164aff4986246a5adb04396) Importer(815301076,1909f56bfc062723c751e8b465ee728b)
Start importing Assets/Laterns and candles/Meshes/Candle2.fbx using Guid(15808812b164aff4986246a5adb04396) Importer(815301076,1909f56bfc062723c751e8b465ee728b)  -> (artifact id: '33dbb9d582aa35656337af1c691c0e97') in 0.052026 seconds 
  Import took 0.062065 seconds .

========================================================================
Received Import Request.
  Time since last request: 0.000375 seconds.
  path: Assets/Laterns and candles/Meshes/Lustre.fbx
  artifactKey: Guid(c501a8a7118966c4bb715d3a9efaa62f) Importer(815301076,1909f56bfc062723c751e8b465ee728b)
Start importing Assets/Laterns and candles/Meshes/Lustre.fbx using Guid(c501a8a7118966c4bb715d3a9efaa62f) Importer(815301076,1909f56bfc062723c751e8b465ee728b)  -> (artifact id: '4f802f080d65a9587d94af40114f4d5c') in 1.458201 seconds 
  Import took 1.470089 seconds .

========================================================================
Received Import Request.
  Time since last request: 0.000201 seconds.
  path: Assets/Laterns and candles/Meshes/CarvedPost2.fbx
  artifactKey: Guid(4c09d887a9821bd4fbf5c56c4bb3477d) Importer(815301076,1909f56bfc062723c751e8b465ee728b)
Start importing Assets/Laterns and candles/Meshes/CarvedPost2.fbx using Guid(4c09d887a9821bd4fbf5c56c4bb3477d) Importer(815301076,1909f56bfc062723c751e8b465ee728b)  -> (artifact id: 'b646ac46a98d3d0e401a6f1ea310382a') in 0.104177 seconds 
  Import took 0.111751 seconds .

========================================================================
Received Import Request.
  Time since last request: 0.000194 seconds.
  path: Assets/Laterns and candles/Meshes/Latern5.fbx
  artifactKey: Guid(92a5a5383e624784da2627a47a052328) Importer(815301076,1909f56bfc062723c751e8b465ee728b)
Start importing Assets/Laterns and candles/Meshes/Latern5.fbx using Guid(92a5a5383e624784da2627a47a052328) Importer(815301076,1909f56bfc062723c751e8b465ee728b)  -> (artifact id: 'bf155abd72b55485f1d679fe067e029c') in 0.139241 seconds 
  Import took 0.148111 seconds .

========================================================================
Received Import Request.
  Time since last request: 513.244693 seconds.
  path: Assets/Laterns and candles/Shaders
  artifactKey: Guid(194c5f733c7534ed790e101791e86518) Importer(815301076,1909f56bfc062723c751e8b465ee728b)
Start importing Assets/Laterns and candles/Shaders using Guid(194c5f733c7534ed790e101791e86518) Importer(815301076,1909f56bfc062723c751e8b465ee728b)  -> (artifact id: 'cc0ebbc39806762cc45e792c54f30d17') in 0.014213 seconds 
  Import took 0.024746 seconds .

========================================================================
Received Import Request.
  Time since last request: 2.436529 seconds.
  path: Assets/Laterns and candles/Prefabs
  artifactKey: Guid(733f39f22c8fb0d42ae34470a89f6bf3) Importer(815301076,1909f56bfc062723c751e8b465ee728b)
Start importing Assets/Laterns and candles/Prefabs using Guid(733f39f22c8fb0d42ae34470a89f6bf3) Importer(815301076,1909f56bfc062723c751e8b465ee728b)  -> (artifact id: 'be03e2755458556d490c867fa71f9940') in 0.011027 seconds 
  Import took 0.023788 seconds .

========================================================================
Received Import Request.
  Time since last request: 2479.634033 seconds.
  path: Assets/Materials/New Material 1.mat
  artifactKey: Guid(76c465614fc686244be0badf343a8f7f) Importer(815301076,1909f56bfc062723c751e8b465ee728b)
Start importing Assets/Materials/New Material 1.mat using Guid(76c465614fc686244be0badf343a8f7f) Importer(815301076,1909f56bfc062723c751e8b465ee728b)  -> (artifact id: 'e45bf3bf658f95d460b7f370f05df224') in 0.096270 seconds 
  Import took 0.109979 seconds .

========================================================================
Received Import Request.
  Time since last request: 375.442041 seconds.
  path: Assets/Materials/New Material 2.mat
  artifactKey: Guid(134ab7b11fdbe2a47a00339f239f2cb4) Importer(815301076,1909f56bfc062723c751e8b465ee728b)
Start importing Assets/Materials/New Material 2.mat using Guid(134ab7b11fdbe2a47a00339f239f2cb4) Importer(815301076,1909f56bfc062723c751e8b465ee728b)  -> (artifact id: '1ae9d051121e6a5472e31336e2c258ed') in 0.047083 seconds 
  Import took 0.065531 seconds .

========================================================================
Received Import Request.
  Time since last request: 81.911562 seconds.
  path: Assets/Materials/New Material 1.mat
  artifactKey: Guid(76c465614fc686244be0badf343a8f7f) Importer(815301076,1909f56bfc062723c751e8b465ee728b)
Start importing Assets/Materials/New Material 1.mat using Guid(76c465614fc686244be0badf343a8f7f) Importer(815301076,1909f56bfc062723c751e8b465ee728b)  -> (artifact id: 'b248b073db4e7ef2f37a11d8232ccaf3') in 0.027766 seconds 
  Import took 0.041851 seconds .

========================================================================
Received Import Request.
  Time since last request: 0.000287 seconds.
  path: Assets/Materials/New Material 2.mat
  artifactKey: Guid(134ab7b11fdbe2a47a00339f239f2cb4) Importer(815301076,1909f56bfc062723c751e8b465ee728b)
Start importing Assets/Materials/New Material 2.mat using Guid(134ab7b11fdbe2a47a00339f239f2cb4) Importer(815301076,1909f56bfc062723c751e8b465ee728b)  -> (artifact id: '8bd203d590a803b5c9f5134e0b33cdc3') in 0.058976 seconds 
  Import took 0.081228 seconds .

AssetImportWorkerClient::OnTransportError - code=2 error=End of file
